# JRE version: OpenJDK Runtime Environment (8.0_152-b01) (build 1.8.0_152-release-915-b01)
# Java VM: OpenJDK Server VM (25.152-b01 mixed mode windows-x86 )
Heap:
 def new generation   total 31936K, used 4314K [0x11000000, 0x132a0000, 0x26550000)
  eden space 28416K,   4% used [0x11000000, 0x11145af8, 0x12bc0000)
  from space 3520K,  85% used [0x12f30000, 0x13221088, 0x132a0000)
  to   space 3520K,   0% used [0x12bc0000, 0x12bc0000, 0x12f30000)
 tenured generation   total 70796K, used 52305K [0x26550000, 0x2aa73000, 0x51000000)
   the space 70796K,  73% used [0x26550000, 0x298644a8, 0x29864600, 0x2aa73000)
 Metaspace       used 43606K, capacity 44849K, committed 44928K, reserved 45440K
GC Heap History (10 events):
Event: 122.671 GC heap before
{Heap before GC invocations=80 (full 4):
 def new generation   total 31936K, used 28416K [0x11000000, 0x132a0000, 0x26550000)
  eden space 28416K, 100% used [0x11000000, 0x12bc0000, 0x12bc0000)
  from space 3520K,   0% used [0x12bc0000, 0x12bc0000, 0x12f30000)
  to   space 3520K,   0% used [0x12f30000, 0x12f30000, 0x132a0000)
 tenured generation   total 70796K, used 42477K [0x26550000, 0x2aa73000, 0x51000000)
   the space 70796K,  59% used [0x26550000, 0x28ecb528, 0x28ecb600, 0x2aa73000)
 Metaspace       used 41361K, capacity 42595K, committed 42624K, reserved 43392K
Event: 122.680 GC heap after
Heap after GC invocations=81 (full 4):
 def new generation   total 31936K, used 934K [0x11000000, 0x132a0000, 0x26550000)
  eden space 28416K,   0% used [0x11000000, 0x11000000, 0x12bc0000)
  from space 3520K,  26% used [0x12f30000, 0x13019828, 0x132a0000)
  to   space 3520K,   0% used [0x12bc0000, 0x12bc0000, 0x12f30000)
 tenured generation   total 70796K, used 42477K [0x26550000, 0x2aa73000, 0x51000000)
   the space 70796K,  59% used [0x26550000, 0x28ecb528, 0x28ecb600, 0x2aa73000)
 Metaspace       used 41361K, capacity 42595K, committed 42624K, reserved 43392K
}
Event: 125.534 GC heap before
{Heap before GC invocations=81 (full 4):
 def new generation   total 31936K, used 29350K [0x11000000, 0x132a0000, 0x26550000)
  eden space 28416K, 100% used [0x11000000, 0x12bc0000, 0x12bc0000)
  from space 3520K,  26% used [0x12f30000, 0x13019828, 0x132a0000)
  to   space 3520K,   0% used [0x12bc0000, 0x12bc0000, 0x12f30000)
 tenured generation   total 70796K, used 42477K [0x26550000, 0x2aa73000, 0x51000000)
   the space 70796K,  59% used [0x26550000, 0x28ecb528, 0x28ecb600, 0x2aa73000)
 Metaspace       used 41519K, capacity 42750K, committed 42752K, reserved 43392K
Event: 125.553 GC heap after
Heap after GC invocations=82 (full 4):
 def new generation   total 31936K, used 2431K [0x11000000, 0x132a0000, 0x26550000)
  eden space 28416K,   0% used [0x11000000, 0x11000000, 0x12bc0000)
  from space 3520K,  69% used [0x12bc0000, 0x12e1ff20, 0x12f30000)
  to   space 3520K,   0% used [0x12f30000, 0x12f30000, 0x132a0000)
 tenured generation   total 70796K, used 42477K [0x26550000, 0x2aa73000, 0x51000000)
   the space 70796K,  59% used [0x26550000, 0x28ecb528, 0x28ecb600, 0x2aa73000)
 Metaspace       used 41519K, capacity 42750K, committed 42752K, reserved 43392K
}
Event: 156.537 GC heap before
{Heap before GC invocations=82 (full 4):
 def new generation   total 31936K, used 30847K [0x11000000, 0x132a0000, 0x26550000)
  eden space 28416K, 100% used [0x11000000, 0x12bc0000, 0x12bc0000)
  from space 3520K,  69% used [0x12bc0000, 0x12e1ff20, 0x12f30000)
  to   space 3520K,   0% used [0x12f30000, 0x12f30000, 0x132a0000)
 tenured generation   total 70796K, used 42477K [0x26550000, 0x2aa73000, 0x51000000)
   the space 70796K,  59% used [0x26550000, 0x28ecb528, 0x28ecb600, 0x2aa73000)
 Metaspace       used 42595K, capacity 43842K, committed 43904K, reserved 44416K
Event: 156.572 GC heap after
Heap after GC invocations=83 (full 4):
 def new generation   total 31936K, used 3520K [0x11000000, 0x132a0000, 0x26550000)
  eden space 28416K,   0% used [0x11000000, 0x11000000, 0x12bc0000)
  from space 3520K, 100% used [0x12f30000, 0x132a0000, 0x132a0000)
  to   space 3520K,   0% used [0x12bc0000, 0x12bc0000, 0x12f30000)
 tenured generation   total 70796K, used 44550K [0x26550000, 0x2aa73000, 0x51000000)
   the space 70796K,  62% used [0x26550000, 0x290d1b28, 0x290d1c00, 0x2aa73000)
 Metaspace       used 42595K, capacity 43842K, committed 43904K, reserved 44416K
}
Event: 161.947 GC heap before
{Heap before GC invocations=83 (full 4):
 def new generation   total 31936K, used 31936K [0x11000000, 0x132a0000, 0x26550000)
  eden space 28416K, 100% used [0x11000000, 0x12bc0000, 0x12bc0000)
  from space 3520K, 100% used [0x12f30000, 0x132a0000, 0x132a0000)
  to   space 3520K,   0% used [0x12bc0000, 0x12bc0000, 0x12f30000)
 tenured generation   total 70796K, used 44550K [0x26550000, 0x2aa73000, 0x51000000)
   the space 70796K,  62% used [0x26550000, 0x290d1b28, 0x290d1c00, 0x2aa73000)
 Metaspace       used 42697K, capacity 43938K, committed 44032K, reserved 44416K
Event: 162.005 GC heap after
Heap after GC invocations=84 (full 4):
 def new generation   total 31936K, used 3520K [0x11000000, 0x132a0000, 0x26550000)
  eden space 28416K,   0% used [0x11000000, 0x11000000, 0x12bc0000)
  from space 3520K, 100% used [0x12bc0000, 0x12f30000, 0x12f30000)
  to   space 3520K,   0% used [0x12f30000, 0x12f30000, 0x132a0000)
 tenured generation   total 70796K, used 48864K [0x26550000, 0x2aa73000, 0x51000000)
   the space 70796K,  69% used [0x26550000, 0x29508080, 0x29508200, 0x2aa73000)
 Metaspace       used 42697K, capacity 43938K, committed 44032K, reserved 44416K
}
Event: 165.217 GC heap before
{Heap before GC invocations=84 (full 4):
 def new generation   total 31936K, used 31786K [0x11000000, 0x132a0000, 0x26550000)
  eden space 28416K,  99% used [0x11000000, 0x12b9a818, 0x12bc0000)
  from space 3520K, 100% used [0x12bc0000, 0x12f30000, 0x12f30000)
  to   space 3520K,   0% used [0x12f30000, 0x12f30000, 0x132a0000)
 tenured generation   total 70796K, used 48864K [0x26550000, 0x2aa73000, 0x51000000)
   the space 70796K,  69% used [0x26550000, 0x29508080, 0x29508200, 0x2aa73000)
 Metaspace       used 43189K, capacity 44428K, committed 44544K, reserved 45440K
Event: 165.256 GC heap after
Heap after GC invocations=85 (full 4):
 def new generation   total 31936K, used 3012K [0x11000000, 0x132a0000, 0x26550000)
  eden space 28416K,   0% used [0x11000000, 0x11000000, 0x12bc0000)
  from space 3520K,  85% used [0x12f30000, 0x13221088, 0x132a0000)
  to   space 3520K,   0% used [0x12bc0000, 0x12bc0000, 0x12f30000)
 tenured generation   total 70796K, used 52305K [0x26550000, 0x2aa73000, 0x51000000)
   the space 70796K,  73% used [0x26550000, 0x298644a8, 0x29864600, 0x2aa73000)
 Metaspace       used 43189K, capacity 44428K, committed 44544K, reserved 45440K
}

